<?xml version="1.0" encoding="UTF-8"?>
<!-- Generated by org.testng.reporters.JUnitReportReporter -->
<testsuite hostname="DESKTOP-RMAAUL4" name="tests.CreateTest" tests="7" failures="0" timestamp="17 Jul 2016 00:13:09 GMT" time="23.609" errors="0">
  <testcase name="testLogin" time="2.890" classname="tests.CreateTest"/>
  <testcase name="testLogin" time="4.190" classname="tests.CreateTest"/>
  <testcase name="testLogin" time="4.097" classname="tests.CreateTest"/>
  <testcase name="testLogin" time="2.641" classname="tests.CreateTest"/>
  <testcase name="testLogin" time="2.687" classname="tests.CreateTest"/>
  <testcase name="testLogin" time="4.371" classname="tests.CreateTest"/>
  <testcase name="testLogin" time="2.733" classname="tests.CreateTest"/>
</testsuite> <!-- tests.CreateTest -->
